Release 14.7 - xst P.20131013 (nt)
Copyright (c) 1995-2013 Xilinx, Inc.  All rights reserved.
--> Parameter TMPDIR set to xst/projnav.tmp


Total REAL time to Xst completion: 0.00 secs
Total CPU time to Xst completion: 0.12 secs
 
--> Parameter xsthdpdir set to xst


Total REAL time to Xst completion: 0.00 secs
Total CPU time to Xst completion: 0.12 secs
 
--> Reading design: final12.prj

TABLE OF CONTENTS
  1) Synthesis Options Summary
  2) HDL Parsing
  3) HDL Elaboration
  4) HDL Synthesis
       4.1) HDL Synthesis Report
  5) Advanced HDL Synthesis
       5.1) Advanced HDL Synthesis Report
  6) Low Level Synthesis
  7) Partition Report
  8) Design Summary
       8.1) Primitive and Black Box Usage
       8.2) Device utilization summary
       8.3) Partition Resource Summary
       8.4) Timing Report
            8.4.1) Clock Information
            8.4.2) Asynchronous Control Signals Information
            8.4.3) Timing Summary
            8.4.4) Timing Details
            8.4.5) Cross Clock Domains Report


=========================================================================
*                      Synthesis Options Summary                        *
=========================================================================
---- Source Parameters
Input File Name                    : "final12.prj"
Ignore Synthesis Constraint File   : NO

---- Target Parameters
Output File Name                   : "final12"
Output Format                      : NGC
Target Device                      : xc6vcx75t-2-ff484

---- Source Options
Top Module Name                    : final12
Automatic FSM Extraction           : YES
FSM Encoding Algorithm             : Auto
Safe Implementation                : No
FSM Style                          : LUT
RAM Extraction                     : Yes
RAM Style                          : Auto
ROM Extraction                     : Yes
Shift Register Extraction          : YES
ROM Style                          : Auto
Resource Sharing                   : YES
Asynchronous To Synchronous        : NO
Shift Register Minimum Size        : 2
Use DSP Block                      : Auto
Automatic Register Balancing       : No

---- Target Options
LUT Combining                      : Auto
Reduce Control Sets                : Auto
Add IO Buffers                     : YES
Global Maximum Fanout              : 100000
Add Generic Clock Buffer(BUFG)     : 32
Register Duplication               : YES
Optimize Instantiated Primitives   : NO
Use Clock Enable                   : Auto
Use Synchronous Set                : Auto
Use Synchronous Reset              : Auto
Pack IO Registers into IOBs        : Auto
Equivalent register Removal        : YES

---- General Options
Optimization Goal                  : Speed
Optimization Effort                : 1
Power Reduction                    : NO
Keep Hierarchy                     : No
Netlist Hierarchy                  : As_Optimized
RTL Output                         : Yes
Global Optimization                : AllClockNets
Read Cores                         : YES
Write Timing Constraints           : NO
Cross Clock Analysis               : NO
Hierarchy Separator                : /
Bus Delimiter                      : <>
Case Specifier                     : Maintain
Slice Utilization Ratio            : 100
BRAM Utilization Ratio             : 100
DSP48 Utilization Ratio            : 100
Auto BRAM Packing                  : NO
Slice Utilization Ratio Delta      : 5

=========================================================================


=========================================================================
*                          HDL Parsing                                  *
=========================================================================
Analyzing Verilog file "C:\Users\Admin\Desktop\VERILOG\Lab_Work\B\Lab5\Q3\Src\l5q3.v" into library work
Parsing module <s1>.
Parsing module <s2>.
Parsing module <s4>.
Parsing module <s3>.
Parsing module <adder>.
Parsing module <counter>.
Parsing module <final12>.
Parsing module <test>.

=========================================================================
*                            HDL Elaboration                            *
=========================================================================

Elaborating module <final12>.

Elaborating module <s1>.

Elaborating module <s2>.

Elaborating module <counter>.

Elaborating module <adder>.

Elaborating module <s3>.

Elaborating module <s4>.
WARNING:HDLCompiler:91 - "C:\Users\Admin\Desktop\VERILOG\Lab_Work\B\Lab5\Q3\Src\l5q3.v" Line 143: Signal <op> missing in the sensitivity list is added for synthesis purposes. HDL and post-synthesis simulations may differ as a result.
WARNING:HDLCompiler:91 - "C:\Users\Admin\Desktop\VERILOG\Lab_Work\B\Lab5\Q3\Src\l5q3.v" Line 144: Signal <a> missing in the sensitivity list is added for synthesis purposes. HDL and post-synthesis simulations may differ as a result.
"C:\Users\Admin\Desktop\VERILOG\Lab_Work\B\Lab5\Q3\Src\l5q3.v" Line 144. $display the product of a=0 ,b=0  is p=0
"C:\Users\Admin\Desktop\VERILOG\Lab_Work\B\Lab5\Q3\Src\l5q3.v" Line 146. $display Incorrect operation
WARNING:HDLCompiler:634 - "C:\Users\Admin\Desktop\VERILOG\Lab_Work\B\Lab5\Q3\Src\l5q3.v" Line 136: Net <v> does not have a driver.

=========================================================================
*                           HDL Synthesis                               *
=========================================================================

Synthesizing Unit <final12>.
    Related source file is "C:\Users\Admin\Desktop\VERILOG\Lab_Work\B\Lab5\Q3\Src\l5q3.v".
WARNING:Xst:653 - Signal <v> is used but never assigned. This sourceless signal will be automatically connected to value GND.
    Summary:
	no macro.
Unit <final12> synthesized.

Synthesizing Unit <s1>.
    Related source file is "C:\Users\Admin\Desktop\VERILOG\Lab_Work\B\Lab5\Q3\Src\l5q3.v".
    Found 8-bit register for signal <q>.
    Summary:
	inferred   8 D-type flip-flop(s).
Unit <s1> synthesized.

Synthesizing Unit <s2>.
    Related source file is "C:\Users\Admin\Desktop\VERILOG\Lab_Work\B\Lab5\Q3\Src\l5q3.v".
    Found 8-bit register for signal <q1>.
    Summary:
	inferred   8 D-type flip-flop(s).
	inferred   1 Multiplexer(s).
Unit <s2> synthesized.

Synthesizing Unit <counter>.
    Related source file is "C:\Users\Admin\Desktop\VERILOG\Lab_Work\B\Lab5\Q3\Src\l5q3.v".
    Found 1-bit register for signal <l>.
    Found 32-bit register for signal <i>.
    Found 32-bit adder for signal <i[31]_GND_4_o_add_2_OUT> created at line 112.
    Summary:
	inferred   1 Adder/Subtractor(s).
	inferred  33 D-type flip-flop(s).
Unit <counter> synthesized.

Synthesizing Unit <adder>.
    Related source file is "C:\Users\Admin\Desktop\VERILOG\Lab_Work\B\Lab5\Q3\Src\l5q3.v".
    Found 9-bit adder for signal <n0006> created at line 88.
    Summary:
	inferred   1 Adder/Subtractor(s).
Unit <adder> synthesized.

Synthesizing Unit <s3>.
    Related source file is "C:\Users\Admin\Desktop\VERILOG\Lab_Work\B\Lab5\Q3\Src\l5q3.v".
    Found 8-bit register for signal <q2>.
    Summary:
	inferred   8 D-type flip-flop(s).
Unit <s3> synthesized.

Synthesizing Unit <s4>.
    Related source file is "C:\Users\Admin\Desktop\VERILOG\Lab_Work\B\Lab5\Q3\Src\l5q3.v".
    Found 8-bit register for signal <q3>.
    Summary:
	inferred   8 D-type flip-flop(s).
Unit <s4> synthesized.

=========================================================================
HDL Synthesis Report

Macro Statistics
# Adders/Subtractors                                   : 2
 32-bit adder                                          : 1
 9-bit adder                                           : 1
# Registers                                            : 6
 1-bit register                                        : 1
 32-bit register                                       : 1
 8-bit register                                        : 4
# Multiplexers                                         : 1
 8-bit 2-to-1 multiplexer                              : 1

=========================================================================

=========================================================================
*                       Advanced HDL Synthesis                          *
=========================================================================


Synthesizing (advanced) Unit <counter>.
The following registers are absorbed into counter <i>: 1 register on signal <i>.
Unit <counter> synthesized (advanced).

=========================================================================
Advanced HDL Synthesis Report

Macro Statistics
# Adders/Subtractors                                   : 1
 9-bit adder                                           : 1
# Counters                                             : 1
 32-bit up counter                                     : 1
# Registers                                            : 33
 Flip-Flops                                            : 33
# Multiplexers                                         : 8
 1-bit 2-to-1 multiplexer                              : 8

=========================================================================

=========================================================================
*                         Low Level Synthesis                           *
=========================================================================

Optimizing unit <s1> ...

Optimizing unit <final12> ...

Optimizing unit <s2> ...

Optimizing unit <s3> ...

Optimizing unit <s4> ...

Mapping all equations...
Building and optimizing final netlist ...
Found area constraint ratio of 100 (+ 5) on block final12, actual ratio is 0.

Final Macro Processing ...

=========================================================================
Final Register Report

Macro Statistics
# Registers                                            : 65
 Flip-Flops                                            : 65

=========================================================================

=========================================================================
*                           Partition Report                            *
=========================================================================

Partition Implementation Status
-------------------------------

  No Partitions were found in this design.

-------------------------------

=========================================================================
*                            Design Summary                             *
=========================================================================

Top Level Output File Name         : final12.ngc

Primitive and Black Box Usage:
------------------------------
# BELS                             : 147
#      GND                         : 1
#      INV                         : 2
#      LUT1                        : 31
#      LUT2                        : 3
#      LUT3                        : 23
#      LUT6                        : 7
#      MUXCY                       : 39
#      VCC                         : 1
#      XORCY                       : 40
# FlipFlops/Latches                : 65
#      FD                          : 1
#      FD_1                        : 7
#      FDE_1                       : 1
#      FDR                         : 8
#      FDRE                        : 48
# Clock Buffers                    : 1
#      BUFGP                       : 1
# IO Buffers                       : 35
#      IBUF                        : 18
#      OBUF                        : 17

Device utilization summary:
---------------------------

Selected Device : 6vcx75tff484-2 


Slice Logic Utilization: 
 Number of Slice Registers:              65  out of  93120     0%  
 Number of Slice LUTs:                   66  out of  46560     0%  
    Number used as Logic:                66  out of  46560     0%  

Slice Logic Distribution: 
 Number of LUT Flip Flop pairs used:     75
   Number with an unused Flip Flop:      10  out of     75    13%  
   Number with an unused LUT:             9  out of     75    12%  
   Number of fully used LUT-FF pairs:    56  out of     75    74%  
   Number of unique control sets:         6

IO Utilization: 
 Number of IOs:                          36
 Number of bonded IOBs:                  36  out of    240    15%  

Specific Feature Utilization:
 Number of BUFG/BUFGCTRLs:                1  out of     32     3%  

---------------------------
Partition Resource Summary:
---------------------------

  No Partitions were found in this design.

---------------------------


=========================================================================
Timing Report

NOTE: THESE TIMING NUMBERS ARE ONLY A SYNTHESIS ESTIMATE.
      FOR ACCURATE TIMING INFORMATION PLEASE REFER TO THE TRACE REPORT
      GENERATED AFTER PLACE-and-ROUTE.

Clock Information:
------------------
-----------------------------------+------------------------+-------+
Clock Signal                       | Clock buffer(FF name)  | Load  |
-----------------------------------+------------------------+-------+
clk                                | BUFGP                  | 65    |
-----------------------------------+------------------------+-------+

Asynchronous Control Signals Information:
----------------------------------------
No asynchronous control signals found in this design

Timing Summary:
---------------
Speed Grade: -2

   Minimum period: 2.721ns (Maximum Frequency: 367.539MHz)
   Minimum input arrival time before clock: 1.421ns
   Maximum output required time after clock: 0.704ns
   Maximum combinational path delay: No path found

Timing Details:
---------------
All values displayed in nanoseconds (ns)

=========================================================================
Timing constraint: Default period analysis for Clock 'clk'
  Clock period: 2.721ns (frequency: 367.539MHz)
  Total number of paths / destination ports: 1789 / 97
-------------------------------------------------------------------------
Delay:               1.360ns (Levels of Logic = 1)
  Source:            u5/l (FF)
  Destination:       e1/q3_7 (FF)
  Source Clock:      clk rising
  Destination Clock: clk falling

  Data Path: u5/l to e1/q3_7
                                Gate     Net
    Cell:in->out      fanout   Delay   Delay  Logical Name (Net Name)
    ----------------------------------------  ------------
     FD:C->Q               9   0.317   0.384  u5/l (u5/l)
     INV:I->O              9   0.079   0.384  u4/l_inv1_INV_0 (e1/l_inv)
     FDE_1:CE                  0.196          e1/q3_7
    ----------------------------------------
    Total                      1.360ns (0.592ns logic, 0.768ns route)
                                       (43.5% logic, 56.5% route)

=========================================================================
Timing constraint: Default OFFSET IN BEFORE for Clock 'clk'
  Total number of paths / destination ports: 130 / 81
-------------------------------------------------------------------------
Offset:              1.421ns (Levels of Logic = 2)
  Source:            reset (PAD)
  Destination:       u5/i_0 (FF)
  Destination Clock: clk rising

  Data Path: reset to u5/i_0
                                Gate     Net
    Cell:in->out      fanout   Delay   Delay  Logical Name (Net Name)
    ----------------------------------------  ------------
     IBUF:I->O            18   0.003   0.521  reset_IBUF (reset_IBUF)
     LUT2:I0->O           40   0.061   0.470  t1 (t)
     FDRE:R                    0.365          u5/i_0
    ----------------------------------------
    Total                      1.421ns (0.429ns logic, 0.992ns route)
                                       (30.2% logic, 69.8% route)

=========================================================================
Timing constraint: Default OFFSET OUT AFTER for Clock 'clk'
  Total number of paths / destination ports: 17 / 17
-------------------------------------------------------------------------
Offset:              0.704ns (Levels of Logic = 1)
  Source:            u5/l (FF)
  Destination:       valid (PAD)
  Source Clock:      clk rising

  Data Path: u5/l to valid
                                Gate     Net
    Cell:in->out      fanout   Delay   Delay  Logical Name (Net Name)
    ----------------------------------------  ------------
     FD:C->Q               9   0.317   0.384  u5/l (u5/l)
     OBUF:I->O                 0.003          valid_OBUF (valid)
    ----------------------------------------
    Total                      0.704ns (0.320ns logic, 0.384ns route)
                                       (45.4% logic, 54.6% route)

=========================================================================

Cross Clock Domains Report:
--------------------------

Clock to Setup on destination clock clk
---------------+---------+---------+---------+---------+
               | Src:Rise| Src:Fall| Src:Rise| Src:Fall|
Source Clock   |Dest:Rise|Dest:Rise|Dest:Fall|Dest:Fall|
---------------+---------+---------+---------+---------+
clk            |    2.506|         |    1.360|         |
---------------+---------+---------+---------+---------+

=========================================================================


Total REAL time to Xst completion: 4.00 secs
Total CPU time to Xst completion: 4.22 secs
 
--> 

Total memory usage is 211744 kilobytes

Number of errors   :    0 (   0 filtered)
Number of warnings :    4 (   0 filtered)
Number of infos    :    0 (   0 filtered)

